<?xml version="1.0" encoding="UTF-8"?>
<!-- Generated by org.testng.reporters.JUnitXMLReporter -->
<testsuite hostname="HYD-LAP-00596" name="Default test" tests="4" failures="0" timestamp="7 Jan 2020 08:00:56 GMT" time="1.994" errors="0">
  <testcase name="postserviceop" time="1.678" classname="restassured.GetAndPostTest"/>
  <testcase name="postserviceop" time="1.678" classname="restassured.GetAndPostTest"/>
  <testcase name="testQueryGenderParam" time="0.197" classname="restassured.GetAndPostTest"/>
  <testcase name="testQueryGenderParam" time="0.197" classname="restassured.GetAndPostTest"/>
</testsuite> <!-- Default test -->
