<?xml version="1.0" encoding="UTF-8"?>
<!-- Generated by org.testng.reporters.JUnitXMLReporter -->
<testsuite hostname="HYD-LAP-00596" name="Test" tests="8" failures="0" timestamp="13 Dec 2019 06:19:58 GMT" time="2.355" errors="0">
  <testcase name="testLocationParam" time="1.724" classname="restassured.QueryParamDemo"/>
  <testcase name="testLocationParam" time="1.724" classname="restassured.QueryParamDemo"/>
  <testcase name="testQueryGenderParam" time="0.172" classname="restassured.QueryParamDemo"/>
  <testcase name="testQueryGenderParam" time="0.172" classname="restassured.QueryParamDemo"/>
  <testcase name="testSalaryParam" time="0.109" classname="restassured.QueryParamDemo"/>
  <testcase name="testSalaryParam" time="0.109" classname="restassured.QueryParamDemo"/>
  <testcase name="testStateParam" time="0.158" classname="restassured.QueryParamDemo"/>
  <testcase name="testStateParam" time="0.158" classname="restassured.QueryParamDemo"/>
</testsuite> <!-- Test -->
