<?xml version="1.0" encoding="UTF-8"?>
<testng-results skipped="0" failed="0" total="2" passed="2">
  <reporter-output>
  </reporter-output>
  <suite name="Default suite" duration-ms="1994" started-at="2020-01-07T08:00:54Z" finished-at="2020-01-07T08:00:56Z">
    <groups>
    </groups>
    <test name="Default test" duration-ms="1994" started-at="2020-01-07T08:00:54Z" finished-at="2020-01-07T08:00:56Z">
      <class name="restassured.GetAndPostTest">
        <test-method status="PASS" signature="postserviceop()[pri:0, instance:restassured.GetAndPostTest@1e730495]" name="postserviceop" duration-ms="1678" started-at="2020-01-07T13:30:54Z" finished-at="2020-01-07T13:30:56Z">
          <reporter-output>
          </reporter-output>
        </test-method> <!-- postserviceop -->
        <test-method status="PASS" signature="testQueryGenderParam()[pri:0, instance:restassured.GetAndPostTest@1e730495]" name="testQueryGenderParam" duration-ms="197" started-at="2020-01-07T13:30:56Z" finished-at="2020-01-07T13:30:56Z">
          <reporter-output>
          </reporter-output>
        </test-method> <!-- testQueryGenderParam -->
      </class> <!-- restassured.GetAndPostTest -->
    </test> <!-- Default test -->
  </suite> <!-- Default suite -->
</testng-results>
